Change Component Footprint: Designator=C2 Old Footprint=10uF 16V New Footprint=100uF  16V
Change Component Comment : Designator=C2 Old Comment=10uF 16V New Comment=100uF 16V
Added Component: Designator=D4(DIOAD1898W129L762D1143)
Add component (AddParameter): Name = "Availability"; Value = "Unavailable"; VariantName = "[No Variations]"
Add component (AddParameter): Name = "MF"; Value = "Microsemi Corporation"; VariantName = "[No Variations]"
Add component (AddParameter): Name = "MP"; Value = "1N5824"; VariantName = "[No Variations]"
Add component (AddParameter): Name = "Package"; Value = "Axial Microsemi"; VariantName = "[No Variations]"
Add component (AddParameter): Name = "Price"; Value = "None"; VariantName = "[No Variations]"
Add component (AddParameter): Name = "SnapEDA_Link"; Value = "https://www.snapeda.com/parts/1N5824/Microsemi%20Corporation/view-part/49055/?ref=snap"; VariantName = "[No Variations]"
Add component (AddParameter): Name = "Value"; Value = ""; VariantName = "[No Variations]"
Added Component: Designator=J1(NINIGI_DC-005)
Add component (AddParameter): Name = "Availability"; Value = "Unavailable"; VariantName = "[No Variations]"
Add component (AddParameter): Name = "MF"; Value = ""; VariantName = "[No Variations]"
Add component (AddParameter): Name = "MP"; Value = "DC-005"; VariantName = "[No Variations]"
Add component (AddParameter): Name = "Package"; Value = "None"; VariantName = "[No Variations]"
Add component (AddParameter): Name = "Price"; Value = "None"; VariantName = "[No Variations]"
Add component (AddParameter): Name = "Value"; Value = ""; VariantName = "[No Variations]"
Added Component: Designator=L1(33uF TH  Radial)
Add component (AddParameter): Name = "Arrow_Electronics-Purchase-URL"; Value = "https://snapeda.com/shop?store=Arrow+Electronics&id=1645904"; VariantName = "[No Variations]"
Add component (AddParameter): Name = "Availability"; Value = "Bad"; VariantName = "[No Variations]"
Add component (AddParameter): Name = "MF"; Value = "Signal Transformer"; VariantName = "[No Variations]"
Add component (AddParameter): Name = "Mouser-Purchase-URL"; Value = "https://snapeda.com/shop?store=Mouser&id=1645904"; VariantName = "[No Variations]"
Add component (AddParameter): Name = "MP"; Value = "HCTI-33-11.7"; VariantName = "[No Variations]"
Add component (AddParameter): Name = "Package"; Value = "Radial Bel Fuse"; VariantName = "[No Variations]"
Add component (AddParameter): Name = "Price"; Value = "None"; VariantName = "[No Variations]"
Add component (AddParameter): Name = "SnapEDA_Link"; Value = "https://www.snapeda.com/parts/HCTI-33-11.7/Signal%20Transformer/view-part/1645904/?ref=snap"; VariantName = "[No Variations]"
Add component (AddParameter): Name = "Value"; Value = ""; VariantName = "[No Variations]"
Added Pin To Net: NetName=GND Pin=D4-A
Added Pin To Net: NetName=NetD4_C Pin=D4-C
Added Pin To Net: NetName=GND Pin=J1-2
Added Pin To Net: NetName=GND Pin=J1-3
Added Pin To Net: NetName=+12 Pin=J1-4
Added Pin To Net: NetName=NetD4_C Pin=L1-1
Added Pin To Net: NetName=+5 Pin=L1-2
Added Member To Class: ClassName=temp_controller_01 Member=Component D4 1N5824
Added Member To Class: ClassName=temp_controller_01 Member=Component J1 DC-005
Added Member To Class: ClassName=temp_controller_01 Member=Component L1 33uF
